<?xml version="1.0" encoding="UTF-8"?>
<!-- Generated by org.testng.reporters.JUnitXMLReporter -->
<testsuite ignored="0" hostname="arins-MacBook-Pro.local" failures="0" tests="1" name="Test" time="0.067" errors="0" timestamp="25 Nov 2023 19:17:41 GMT">
  <testcase classname="arinyed.Appium.BaseTest" name="@BeforeClass configureAppium" time="0.034">
    <failure type="java.lang.AbstractMethodError" message="Receiver class io.appium.java_client.service.local.AppiumServiceBuilder does not define or inherit an implementation of the resolved method &amp;apos;abstract void loadSystemProperties()&amp;apos; of abstract class org.openqa.selenium.remote.service.DriverService$Builder.">
      <![CDATA[java.lang.AbstractMethodError: Receiver class io.appium.java_client.service.local.AppiumServiceBuilder does not define or inherit an implementation of the resolved method 'abstract void loadSystemProperties()' of abstract class org.openqa.selenium.remote.service.DriverService$Builder.
at org.openqa.selenium.remote.service.DriverService$Builder.build(DriverService.java:505)
at arinyed.Appium.BaseTest.configureAppium(BaseTest.java:27)
... Removed 26 stack frames]]>
    </failure>
  </testcase> <!-- @BeforeClass configureAppium -->
  <testcase classname="arinyed.Appium.BaseTest" name="@AfterClass tearDown" time="0.0">
    <skipped/>
  </testcase> <!-- @AfterClass tearDown -->
  <testcase classname="arinyed.Appium.AppiumBasics" name="WifiSettingsName" time="0.0">
    <skipped/>
  </testcase> <!-- WifiSettingsName -->
</testsuite> <!-- Test -->
